This is pdfTeX, Version 3.14159265-2.6-1.40.17 (TeX Live 2016/Debian) (preloaded format=pdflatex 2017.7.21)  24 AUG 2017 11:56
entering extended mode
 restricted \write18 enabled.
 %&-line parsing enabled.
**Coop_report.tex
(./Coop_report.tex
LaTeX2e <2017/01/01> patch level 3
Babel <3.9r> and hyphenation patterns for 3 language(s) loaded.
(/usr/share/texlive/texmf-dist/tex/latex/base/article.cls
Document Class: article 2014/09/29 v1.4h Standard LaTeX document class
(/usr/share/texlive/texmf-dist/tex/latex/base/size10.clo
File: size10.clo 2014/09/29 v1.4h Standard LaTeX file (size option)
)
\c@part=\count79
\c@section=\count80
\c@subsection=\count81
\c@subsubsection=\count82
\c@paragraph=\count83
\c@subparagraph=\count84
\c@figure=\count85
\c@table=\count86
\abovecaptionskip=\skip41
\belowcaptionskip=\skip42
\bibindent=\dimen102
)
(/usr/share/texlive/texmf-dist/tex/latex/graphics/graphicx.sty
Package: graphicx 2014/10/28 v1.0g Enhanced LaTeX Graphics (DPC,SPQR)

(/usr/share/texlive/texmf-dist/tex/latex/graphics/keyval.sty
Package: keyval 2014/10/28 v1.15 key=value parser (DPC)
\KV@toks@=\toks14
)
(/usr/share/texlive/texmf-dist/tex/latex/graphics/graphics.sty
Package: graphics 2016/10/09 v1.0u Standard LaTeX Graphics (DPC,SPQR)

(/usr/share/texlive/texmf-dist/tex/latex/graphics/trig.sty
Package: trig 2016/01/03 v1.10 sin cos tan (DPC)
)
(/usr/share/texlive/texmf-dist/tex/latex/graphics-cfg/graphics.cfg
File: graphics.cfg 2016/06/04 v1.11 sample graphics configuration
)
Package graphics Info: Driver file: pdftex.def on input line 99.

(/usr/share/texlive/texmf-dist/tex/latex/graphics-def/pdftex.def
File: pdftex.def 2017/01/12 v0.06k Graphics/color for pdfTeX

(/usr/share/texlive/texmf-dist/tex/generic/oberdiek/infwarerr.sty
Package: infwarerr 2016/05/16 v1.4 Providing info/warning/error messages (HO)
)
(/usr/share/texlive/texmf-dist/tex/generic/oberdiek/ltxcmds.sty
Package: ltxcmds 2016/05/16 v1.23 LaTeX kernel commands for general use (HO)
)
\Gread@gobject=\count87
))
\Gin@req@height=\dimen103
\Gin@req@width=\dimen104
)
(/usr/share/texlive/texmf-dist/tex/latex/titlesec/titlesec.sty
Package: titlesec 2016/03/21 v2.10.2 Sectioning titles
\ttl@box=\box26
\beforetitleunit=\skip43
\aftertitleunit=\skip44
\ttl@plus=\dimen105
\ttl@minus=\dimen106
\ttl@toksa=\toks15
\titlewidth=\dimen107
\titlewidthlast=\dimen108
\titlewidthfirst=\dimen109
)
(/usr/share/texlive/texmf-dist/tex/latex/fancyhdr/fancyhdr.sty
Package: fancyhdr 2016/09/06 3.8 Extensive control of page headers and footers
\fancy@headwidth=\skip45
\f@ncyO@elh=\skip46
\f@ncyO@erh=\skip47
\f@ncyO@olh=\skip48
\f@ncyO@orh=\skip49
\f@ncyO@elf=\skip50
\f@ncyO@erf=\skip51
\f@ncyO@olf=\skip52
\f@ncyO@orf=\skip53
)
(/usr/share/texlive/texmf-dist/tex/latex/geometry/geometry.sty
Package: geometry 2010/09/12 v5.6 Page Geometry

(/usr/share/texlive/texmf-dist/tex/generic/oberdiek/ifpdf.sty
Package: ifpdf 2016/05/14 v3.1 Provides the ifpdf switch
)
(/usr/share/texlive/texmf-dist/tex/generic/oberdiek/ifvtex.sty
Package: ifvtex 2016/05/16 v1.6 Detect VTeX and its facilities (HO)
Package ifvtex Info: VTeX not detected.
)
(/usr/share/texlive/texmf-dist/tex/generic/ifxetex/ifxetex.sty
Package: ifxetex 2010/09/12 v0.6 Provides ifxetex conditional
)
\Gm@cnth=\count88
\Gm@cntv=\count89
\c@Gm@tempcnt=\count90
\Gm@bindingoffset=\dimen110
\Gm@wd@mp=\dimen111
\Gm@odd@mp=\dimen112
\Gm@even@mp=\dimen113
\Gm@layoutwidth=\dimen114
\Gm@layoutheight=\dimen115
\Gm@layouthoffset=\dimen116
\Gm@layoutvoffset=\dimen117
\Gm@dimlist=\toks16
)
(/usr/share/texlive/texmf-dist/tex/generic/babel/babel.sty
Package: babel 2016/04/23 3.9r The Babel package

(/usr/share/texlive/texmf-dist/tex/generic/babel-english/english.ldf
Language: english 2012/08/20 v3.3p English support from the babel system

(/usr/share/texlive/texmf-dist/tex/generic/babel/babel.def
File: babel.def 2016/04/23 3.9r Babel common definitions
\babel@savecnt=\count91
\U@D=\dimen118
)
\l@british = a dialect from \language\l@english 
\l@UKenglish = a dialect from \language\l@english 
\l@canadian = a dialect from \language\l@american 
\l@australian = a dialect from \language\l@british 
\l@newzealand = a dialect from \language\l@british 
))
(/usr/share/texlive/texmf-dist/tex/latex/isodate/isodate.sty
Package: isodate 2010/01/03 v2.30 Print dates with different formats (HH)

(/usr/share/texlive/texmf-dist/tex/latex/base/ifthen.sty
Package: ifthen 2014/09/29 v1.1c Standard LaTeX ifthen package (DPC)
)
(/usr/share/texlive/texmf-dist/tex/latex/substr/substr.sty
Package: substr 2009/10/20 v1.2 Handle substrings
\c@su@anzahl=\count92
)
(/usr/share/texlive/texmf-dist/tex/latex/isodate/english.idf
File: english.idf 2010/01/03 v2.30 Language definitions for isodate package (HH
)

Define commands for English date format
)
\c@iso@tmpmonth=\count93
\c@iso@yeartwo=\count94
\c@iso@slash=\count95
\c@iso@minus=\count96
\c@iso@dot=\count97
\c@iso@@slash=\count98
\c@iso@@minus=\count99
\c@iso@@dot=\count100
) (/usr/share/texlive/texmf-dist/tex/latex/base/fontenc.sty
Package: fontenc 2017/02/22 v2.0g Standard LaTeX package

(/usr/share/texlive/texmf-dist/tex/latex/base/t1enc.def
File: t1enc.def 2017/02/22 v2.0g Standard LaTeX file
LaTeX Font Info:    Redeclaring font encoding T1 on input line 48.
))
(/usr/share/texlive/texmf-dist/tex/latex/koma-script/tocstyle.sty
Package: tocstyle 2016/04/12 v0.2h-alpha KOMA-Script package (versatile toc sty
les)


Package tocstyle Warning: THIS IS AN ALPHA VERSION!
(tocstyle)                USAGE OF THIS VERSION IS ON YOUR OWN RISK!
(tocstyle)                EVERYTHING MAY HAPPEN!
(tocstyle)                EVERYTHING MAY CHANGE IN FUTURE!
(tocstyle)                THERE IS NO SUPPORT, IF YOU USE THIS PACKAGE!
(tocstyle)                Maybe it would be better, not to load this package.

\tocstyle@indentstyle=\count101
Package tocstyle Info: no tocstyle.cfg found on input line 956.
)
exclude: 
exclude: 
exclude: 
exclude: 
exclude: 
exclude: 
exclude: 
exclude: 
exclude: 
exclude: 
(/usr/share/texlive/texmf-dist/tex/latex/blindtext/blindtext.sty
Package: blindtext 2012/01/06 V2.0 blindtext-Package

(/usr/share/texlive/texmf-dist/tex/latex/tools/xspace.sty
Package: xspace 2014/10/28 v1.13 Space after command names (DPC,MH)
)
\c@blindtext=\count102
\c@Blindtext=\count103
\c@blind@countparstart=\count104
\blind@countxx=\count105
\blindtext@numBlindtext=\count106
\blind@countyy=\count107
\c@blindlist=\count108
\c@blindlistlevel=\count109
\c@blindlist@level=\count110
\blind@listitem=\count111
\c@blind@listcount=\count112
\c@blind@levelcount=\count113
\blind@mathformula=\count114
\blind@Mathformula=\count115
\c@blind@randomcount=\count116
\c@blind@randommax=\count117
\c@blind@pangramcount=\count118
\c@blind@pangrammax=\count119
)
(/usr/share/texlive/texmf-dist/tex/latex/sectsty/sectsty.sty
Package: sectsty 2002/02/25 v2.0.2 Commands to change all sectional heading sty
les
)
(/usr/share/texlive/texmf-dist/tex/latex/float/float.sty
Package: float 2001/11/08 v1.3d Float enhancements (AL)
\c@float@type=\count120
\float@exts=\toks17
\float@box=\box27
\@float@everytoks=\toks18
\@floatcapt=\box28
)
(/usr/share/texlive/texmf-dist/tex/latex/caption/caption.sty
Package: caption 2016/02/21 v3.3-144 Customizing captions (AR)

(/usr/share/texlive/texmf-dist/tex/latex/caption/caption3.sty
Package: caption3 2016/05/22 v1.7-166 caption3 kernel (AR)
Package caption3 Info: TeX engine: e-TeX on input line 67.
\captionmargin=\dimen119
\captionmargin@=\dimen120
\captionwidth=\dimen121
\caption@tempdima=\dimen122
\caption@indent=\dimen123
\caption@parindent=\dimen124
\caption@hangindent=\dimen125
)
\c@ContinuedFloat=\count121
Package caption Info: float package is loaded.
)
(./Coop_report.aux)
\openout1 = `Coop_report.aux'.

LaTeX Font Info:    Checking defaults for OML/cmm/m/it on input line 35.
LaTeX Font Info:    ... okay on input line 35.
LaTeX Font Info:    Checking defaults for T1/cmr/m/n on input line 35.
LaTeX Font Info:    ... okay on input line 35.
LaTeX Font Info:    Checking defaults for OT1/cmr/m/n on input line 35.
LaTeX Font Info:    ... okay on input line 35.
LaTeX Font Info:    Checking defaults for OMS/cmsy/m/n on input line 35.
LaTeX Font Info:    ... okay on input line 35.
LaTeX Font Info:    Checking defaults for OMX/cmex/m/n on input line 35.
LaTeX Font Info:    ... okay on input line 35.
LaTeX Font Info:    Checking defaults for U/cmr/m/n on input line 35.
LaTeX Font Info:    ... okay on input line 35.

(/usr/share/texlive/texmf-dist/tex/context/base/mkii/supp-pdf.mkii
[Loading MPS to PDF converter (version 2006.09.02).]
\scratchcounter=\count122
\scratchdimen=\dimen126
\scratchbox=\box29
\nofMPsegments=\count123
\nofMParguments=\count124
\everyMPshowfont=\toks19
\MPscratchCnt=\count125
\MPscratchDim=\dimen127
\MPnumerator=\count126
\makeMPintoPDFobject=\count127
\everyMPtoPDFconversion=\toks20
) (/usr/share/texlive/texmf-dist/tex/generic/oberdiek/pdftexcmds.sty
Package: pdftexcmds 2016/05/21 v0.22 Utility functions of pdfTeX for LuaTeX (HO
)

(/usr/share/texlive/texmf-dist/tex/generic/oberdiek/ifluatex.sty
Package: ifluatex 2016/05/16 v1.4 Provides the ifluatex switch (HO)
Package ifluatex Info: LuaTeX not detected.
)
Package pdftexcmds Info: LuaTeX not detected.
Package pdftexcmds Info: \pdf@primitive is available.
Package pdftexcmds Info: \pdf@ifprimitive is available.
Package pdftexcmds Info: \pdfdraftmode found.
)
(/usr/share/texlive/texmf-dist/tex/latex/oberdiek/epstopdf-base.sty
Package: epstopdf-base 2016/05/15 v2.6 Base part for package epstopdf

(/usr/share/texlive/texmf-dist/tex/latex/oberdiek/grfext.sty
Package: grfext 2016/05/16 v1.2 Manage graphics extensions (HO)

(/usr/share/texlive/texmf-dist/tex/generic/oberdiek/kvdefinekeys.sty
Package: kvdefinekeys 2016/05/16 v1.4 Define keys (HO)
))
(/usr/share/texlive/texmf-dist/tex/latex/oberdiek/kvoptions.sty
Package: kvoptions 2016/05/16 v3.12 Key value format for package options (HO)

(/usr/share/texlive/texmf-dist/tex/generic/oberdiek/kvsetkeys.sty
Package: kvsetkeys 2016/05/16 v1.17 Key value parser (HO)

(/usr/share/texlive/texmf-dist/tex/generic/oberdiek/etexcmds.sty
Package: etexcmds 2016/05/16 v1.6 Avoid name clashes with e-TeX commands (HO)
Package etexcmds Info: Could not find \expanded.
(etexcmds)             That can mean that you are not using pdfTeX 1.50 or
(etexcmds)             that some package has redefined \expanded.
(etexcmds)             In the latter case, load this package earlier.
)))
Package epstopdf-base Info: Redefining graphics rule for `.eps' on input line 4
38.
Package grfext Info: Graphics extension search list:
(grfext)             [.png,.pdf,.jpg,.mps,.jpeg,.jbig2,.jb2,.PNG,.PDF,.JPG,.JPE
G,.JBIG2,.JB2,.eps]
(grfext)             \AppendGraphicsExtensions on input line 456.

(/usr/share/texlive/texmf-dist/tex/latex/latexconfig/epstopdf-sys.cfg
File: epstopdf-sys.cfg 2010/07/13 v1.3 Configuration of (r)epstopdf for TeX Liv
e
))
*geometry* driver: auto-detecting
*geometry* detected driver: pdftex
*geometry* verbose mode - [ preamble ] result:
* driver: pdftex
* paper: <default>
* layout: <same size as paper>
* layoutoffset:(h,v)=(0.0pt,0.0pt)
* modes: 
* h-part:(L,W,R)=(43.36243pt, 527.57014pt, 43.36243pt)
* v-part:(T,H,B)=(43.36243pt, 708.24513pt, 43.36243pt)
* \paperwidth=614.295pt
* \paperheight=794.96999pt
* \textwidth=527.57014pt
* \textheight=708.24513pt
* \oddsidemargin=-28.90756pt
* \evensidemargin=-28.90756pt
* \topmargin=-65.90756pt
* \headheight=12.0pt
* \headsep=25.0pt
* \topskip=10.0pt
* \footskip=30.0pt
* \marginparwidth=65.0pt
* \marginparsep=11.0pt
* \columnsep=10.0pt
* \skip\footins=9.0pt plus 4.0pt minus 2.0pt
* \hoffset=0.0pt
* \voffset=0.0pt
* \mag=1000
* \@twocolumnfalse
* \@twosidefalse
* \@mparswitchfalse
* \@reversemarginfalse
* (1in=72.27pt=25.4mm, 1cm=28.453pt)

isodate: babel.sty has been loaded
Package tocstyle Info: prepare \l@part for redefinition on input line 35.
Package tocstyle Info: prepare \l@section for redefinition on input line 35.
Package tocstyle Info: prepare \l@subsection for redefinition on input line 35.

LaTeX Font Info:    External font `cmex10' loaded for size
(Font)              <7> on input line 35.
LaTeX Font Info:    External font `cmex10' loaded for size
(Font)              <5> on input line 35.
Package tocstyle Info: prepare \l@subsubsection for redefinition on input line 
35.
Package tocstyle Info: prepare \l@table for redefinition on input line 35.
Package tocstyle Info: prepare \l@figure for redefinition on input line 35.
Package caption Info: Begin \AtBeginDocument code.
Package caption Info: End \AtBeginDocument code.
<ul_logo.png, id=1, 825.8052pt x 362.5545pt>
File: ul_logo.png Graphic file (type png)
 <use ul_logo.png>
Package pdftex.def Info: ul_logo.png used on input line 39.
(pdftex.def)             Requested size: 500.01062pt x 99.99876pt.

Underfull \hbox (badness 10000) in paragraph at lines 49--50

 []


Underfull \hbox (badness 10000) in paragraph at lines 51--52

 []


Underfull \hbox (badness 10000) in paragraph at lines 53--54

 []


Underfull \hbox (badness 10000) in paragraph at lines 55--56

 []


Underfull \hbox (badness 10000) in paragraph at lines 57--58

 []


Underfull \hbox (badness 10000) in paragraph at lines 59--64

 []


Underfull \hbox (badness 10000) in paragraph at lines 66--67

 []


Underfull \hbox (badness 10000) in paragraph at lines 68--69

 []


Underfull \hbox (badness 10000) in paragraph at lines 70--71

 []


Underfull \hbox (badness 10000) in paragraph at lines 72--73

 []


Underfull \hbox (badness 10000) in paragraph at lines 74--75

 []


Underfull \hbox (badness 10000) in paragraph at lines 76--77

 []


Underfull \hbox (badness 10000) in paragraph at lines 78--80

 []

[1

{/var/lib/texmf/fonts/map/pdftex/updmap/pdftex.map} <./ul_logo.png>]
(./Coop_report.toc
number indent by \l@... (toc, 1):  0.0pt
text indent by \l@... (toc, 1):  14.99634pt
number indent by parent (toc, 1):  0.0pt
text indent calculated (toc, 1): 11.4972pt
number indent calculated (toc, 1): 0.0pt
text noindent (toc, 1): 30.5481pt
number noindent (toc, 1): 0.0pt
number indent by \l@... (toc, 2):  14.99634pt
text indent by \l@... (toc, 2):  22.9944pt
number indent by parent (toc, 2):  11.4972pt
text indent calculated (toc, 2): 22.77222pt
number indent calculated (toc, 2): 11.4972pt
text noindent (toc, 2): 30.5481pt
number noindent (toc, 2): 0.0pt
number indent by \l@... (toc, 1):  0.0pt
text indent by \l@... (toc, 1):  14.99634pt
number indent by parent (toc, 1):  0.0pt
text indent calculated (toc, 1): 11.4972pt
number indent calculated (toc, 1): 0.0pt
text noindent (toc, 1): 30.5481pt
number noindent (toc, 1): 0.0pt
number indent by \l@... (toc, 1):  0.0pt
text indent by \l@... (toc, 1):  14.99634pt
number indent by parent (toc, 1):  0.0pt
text indent calculated (toc, 1): 11.4972pt
number indent calculated (toc, 1): 0.0pt
text noindent (toc, 1): 30.5481pt
number noindent (toc, 1): 0.0pt
number indent by \l@... (toc, 2):  14.99634pt
text indent by \l@... (toc, 2):  22.9944pt
number indent by parent (toc, 2):  11.4972pt
text indent calculated (toc, 2): 22.77222pt
number indent calculated (toc, 2): 11.4972pt
text noindent (toc, 2): 30.5481pt
number noindent (toc, 2): 0.0pt
number indent by \l@... (toc, 2):  14.99634pt
text indent by \l@... (toc, 2):  22.9944pt
number indent by parent (toc, 2):  11.4972pt
text indent calculated (toc, 2): 22.77222pt
number indent calculated (toc, 2): 11.4972pt
text noindent (toc, 2): 30.5481pt
number noindent (toc, 2): 0.0pt
number indent by \l@... (toc, 2):  14.99634pt
text indent by \l@... (toc, 2):  22.9944pt
number indent by parent (toc, 2):  11.4972pt
text indent calculated (toc, 2): 22.77222pt
number indent calculated (toc, 2): 11.4972pt
text noindent (toc, 2): 30.5481pt
number noindent (toc, 2): 0.0pt
number indent by \l@... (toc, 2):  14.99634pt
text indent by \l@... (toc, 2):  22.9944pt
number indent by parent (toc, 2):  11.4972pt
text indent calculated (toc, 2): 22.77222pt
number indent calculated (toc, 2): 11.4972pt
text noindent (toc, 2): 30.5481pt
number noindent (toc, 2): 0.0pt
number indent by \l@... (toc, 2):  14.99634pt
text indent by \l@... (toc, 2):  22.9944pt
number indent by parent (toc, 2):  11.4972pt
text indent calculated (toc, 2): 22.77222pt
number indent calculated (toc, 2): 11.4972pt
text noindent (toc, 2): 30.5481pt
number noindent (toc, 2): 0.0pt
number indent by \l@... (toc, 2):  14.99634pt
text indent by \l@... (toc, 2):  22.9944pt
number indent by parent (toc, 2):  11.4972pt
text indent calculated (toc, 2): 22.77222pt
number indent calculated (toc, 2): 11.4972pt
text noindent (toc, 2): 30.5481pt
number noindent (toc, 2): 0.0pt
number indent by \l@... (toc, 2):  14.99634pt
text indent by \l@... (toc, 2):  22.9944pt
number indent by parent (toc, 2):  11.4972pt
text indent calculated (toc, 2): 22.77222pt
number indent calculated (toc, 2): 11.4972pt
text noindent (toc, 2): 30.5481pt
number noindent (toc, 2): 0.0pt
number indent by \l@... (toc, 2):  14.99634pt
text indent by \l@... (toc, 2):  22.9944pt
number indent by parent (toc, 2):  11.4972pt
text indent calculated (toc, 2): 22.77222pt
number indent calculated (toc, 2): 11.4972pt
text noindent (toc, 2): 30.5481pt
number noindent (toc, 2): 0.0pt
number indent by \l@... (toc, 2):  14.99634pt
text indent by \l@... (toc, 2):  22.9944pt
number indent by parent (toc, 2):  11.4972pt
text indent calculated (toc, 2): 22.77222pt
number indent calculated (toc, 2): 11.4972pt
text noindent (toc, 2): 30.5481pt
number noindent (toc, 2): 0.0pt
number indent by \l@... (toc, 2):  14.99634pt
text indent by \l@... (toc, 2):  22.9944pt
number indent by parent (toc, 2):  11.4972pt
text indent calculated (toc, 2): 22.77222pt
number indent calculated (toc, 2): 11.4972pt
text noindent (toc, 2): 30.5481pt
number noindent (toc, 2): 0.0pt
number indent by \l@... (toc, 2):  14.99634pt
text indent by \l@... (toc, 2):  22.9944pt
number indent by parent (toc, 2):  11.4972pt
text indent calculated (toc, 2): 22.77222pt
number indent calculated (toc, 2): 11.4972pt
text noindent (toc, 2): 30.5481pt
number noindent (toc, 2): 0.0pt
number indent by \l@... (toc, 2):  14.99634pt
text indent by \l@... (toc, 2):  22.9944pt
number indent by parent (toc, 2):  11.4972pt
text indent calculated (toc, 2): 22.77222pt
number indent calculated (toc, 2): 11.4972pt
text noindent (toc, 2): 30.5481pt
number noindent (toc, 2): 0.0pt
number indent by \l@... (toc, 2):  14.99634pt
text indent by \l@... (toc, 2):  22.9944pt
number indent by parent (toc, 2):  11.4972pt
text indent calculated (toc, 2): 22.77222pt
number indent calculated (toc, 2): 11.4972pt
text noindent (toc, 2): 30.5481pt
number noindent (toc, 2): 0.0pt
number indent by \l@... (toc, 1):  0.0pt
text indent by \l@... (toc, 1):  14.99634pt
number indent by parent (toc, 1):  0.0pt
text indent calculated (toc, 1): 11.4972pt
number indent calculated (toc, 1): 0.0pt
text noindent (toc, 1): 30.5481pt
number noindent (toc, 1): 0.0pt
number indent by \l@... (toc, 1):  0.0pt
text indent by \l@... (toc, 1):  14.99634pt
number indent by parent (toc, 1):  0.0pt
text indent calculated (toc, 1): 11.4972pt
number indent calculated (toc, 1): 0.0pt
text noindent (toc, 1): 30.5481pt
number noindent (toc, 1): 0.0pt
number indent by \l@... (toc, 2):  14.99634pt
text indent by \l@... (toc, 2):  22.9944pt
number indent by parent (toc, 2):  11.4972pt
text indent calculated (toc, 2): 22.77222pt
number indent calculated (toc, 2): 11.4972pt
text noindent (toc, 2): 30.5481pt
number noindent (toc, 2): 0.0pt
number indent by \l@... (toc, 2):  14.99634pt
text indent by \l@... (toc, 2):  22.9944pt
number indent by parent (toc, 2):  11.4972pt
text indent calculated (toc, 2): 22.77222pt
number indent calculated (toc, 2): 11.4972pt
text noindent (toc, 2): 30.5481pt
number noindent (toc, 2): 0.0pt
number indent by \l@... (toc, 2):  14.99634pt
text indent by \l@... (toc, 2):  22.9944pt
number indent by parent (toc, 2):  11.4972pt
text indent calculated (toc, 2): 22.77222pt
number indent calculated (toc, 2): 11.4972pt
text noindent (toc, 2): 30.5481pt
number noindent (toc, 2): 0.0pt
number indent by \l@... (toc, 2):  14.99634pt
text indent by \l@... (toc, 2):  22.9944pt
number indent by parent (toc, 2):  11.4972pt
text indent calculated (toc, 2): 22.77222pt
number indent calculated (toc, 2): 11.4972pt
text noindent (toc, 2): 30.5481pt
number noindent (toc, 2): 0.0pt
number indent by \l@... (toc, 2):  14.99634pt
text indent by \l@... (toc, 2):  22.9944pt
number indent by parent (toc, 2):  11.4972pt
text indent calculated (toc, 2): 22.77222pt
number indent calculated (toc, 2): 11.4972pt
text noindent (toc, 2): 30.5481pt
number noindent (toc, 2): 0.0pt
number indent by \l@... (toc, 2):  14.99634pt
text indent by \l@... (toc, 2):  22.9944pt
number indent by parent (toc, 2):  11.4972pt
text indent calculated (toc, 2): 22.77222pt
number indent calculated (toc, 2): 11.4972pt
text noindent (toc, 2): 30.5481pt
number noindent (toc, 2): 0.0pt
number indent by \l@... (toc, 2):  14.99634pt
text indent by \l@... (toc, 2):  22.9944pt
number indent by parent (toc, 2):  11.4972pt
text indent calculated (toc, 2): 22.77222pt
number indent calculated (toc, 2): 11.4972pt
text noindent (toc, 2): 30.5481pt
number noindent (toc, 2): 0.0pt
number indent by \l@... (toc, 2):  14.99634pt
text indent by \l@... (toc, 2):  22.9944pt
number indent by parent (toc, 2):  11.4972pt
text indent calculated (toc, 2): 22.77222pt
number indent calculated (toc, 2): 11.4972pt
text noindent (toc, 2): 30.5481pt
number noindent (toc, 2): 0.0pt
number indent by \l@... (toc, 3):  37.99074pt
text indent by \l@... (toc, 3):  31.99216pt
number indent by parent (toc, 3):  34.26941pt
text indent calculated (toc, 3): 30.5481pt
number indent calculated (toc, 3): 34.26941pt
text noindent (toc, 3): 30.5481pt
number noindent (toc, 3): 0.0pt
number indent by \l@... (toc, 3):  37.99074pt
text indent by \l@... (toc, 3):  31.99216pt
number indent by parent (toc, 3):  34.26941pt
text indent calculated (toc, 3): 30.5481pt
number indent calculated (toc, 3): 34.26941pt
text noindent (toc, 3): 30.5481pt
number noindent (toc, 3): 0.0pt
number indent by \l@... (toc, 3):  37.99074pt
text indent by \l@... (toc, 3):  31.99216pt
number indent by parent (toc, 3):  34.26941pt
text indent calculated (toc, 3): 30.5481pt
number indent calculated (toc, 3): 34.26941pt
text noindent (toc, 3): 30.5481pt
number noindent (toc, 3): 0.0pt
number indent by \l@... (toc, 3):  37.99074pt
text indent by \l@... (toc, 3):  31.99216pt
number indent by parent (toc, 3):  34.26941pt
text indent calculated (toc, 3): 30.5481pt
number indent calculated (toc, 3): 34.26941pt
text noindent (toc, 3): 30.5481pt
number noindent (toc, 3): 0.0pt
number indent by \l@... (toc, 3):  37.99074pt
text indent by \l@... (toc, 3):  31.99216pt
number indent by parent (toc, 3):  34.26941pt
text indent calculated (toc, 3): 30.5481pt
number indent calculated (toc, 3): 34.26941pt
text noindent (toc, 3): 30.5481pt
number noindent (toc, 3): 0.0pt
number indent by \l@... (toc, 3):  37.99074pt
text indent by \l@... (toc, 3):  31.99216pt
number indent by parent (toc, 3):  34.26941pt
text indent calculated (toc, 3): 30.5481pt
number indent calculated (toc, 3): 34.26941pt
text noindent (toc, 3): 30.5481pt
number noindent (toc, 3): 0.0pt
number indent by \l@... (toc, 3):  37.99074pt
text indent by \l@... (toc, 3):  31.99216pt
number indent by parent (toc, 3):  34.26941pt
text indent calculated (toc, 3): 30.5481pt
number indent calculated (toc, 3): 34.26941pt
text noindent (toc, 3): 30.5481pt
number noindent (toc, 3): 0.0pt
number indent by \l@... (toc, 3):  37.99074pt
text indent by \l@... (toc, 3):  31.99216pt
number indent by parent (toc, 3):  34.26941pt
text indent calculated (toc, 3): 30.5481pt
number indent calculated (toc, 3): 34.26941pt
text noindent (toc, 3): 30.5481pt
number noindent (toc, 3): 0.0pt
number indent by \l@... (toc, 3):  37.99074pt
text indent by \l@... (toc, 3):  31.99216pt
number indent by parent (toc, 3):  34.26941pt
text indent calculated (toc, 3): 30.5481pt
number indent calculated (toc, 3): 34.26941pt
text noindent (toc, 3): 30.5481pt
number noindent (toc, 3): 0.0pt
number indent by \l@... (toc, 3):  37.99074pt
text indent by \l@... (toc, 3):  31.99216pt
number indent by parent (toc, 3):  34.26941pt
text indent calculated (toc, 3): 30.5481pt
number indent calculated (toc, 3): 34.26941pt
text noindent (toc, 3): 30.5481pt
number noindent (toc, 3): 0.0pt
number indent by \l@... (toc, 3):  37.99074pt
text indent by \l@... (toc, 3):  31.99216pt
number indent by parent (toc, 3):  34.26941pt
text indent calculated (toc, 3): 30.5481pt
number indent calculated (toc, 3): 34.26941pt
text noindent (toc, 3): 30.5481pt
number noindent (toc, 3): 0.0pt
)
\tf@toc=\write3
\openout3 = `Coop_report.toc'.

 [1] [2]
LaTeX Font Info:    Try loading font information for OMS+cmr on input line 106.

 (/usr/share/texlive/texmf-dist/tex/latex/base/omscmr.fd
File: omscmr.fd 2014/09/29 v2.5h Standard LaTeX font definitions
)
LaTeX Font Info:    Font shape `OMS/cmr/m/n' in size <10> not available
(Font)              Font shape `OMS/cmsy/m/n' tried instead on input line 106.

<HEAnet-Infrastructure-Client-Map-Nov-2015.jpg, id=19, 2486.28876pt x 2964.0737
5pt>
File: HEAnet-Infrastructure-Client-Map-Nov-2015.jpg Graphic file (type jpg)
 <use HEAnet-Infrastructure-Client-Map-Nov-2015.jpg>
Package pdftex.def Info: HEAnet-Infrastructure-Client-Map-Nov-2015.jpg used on 
input line 121.
(pdftex.def)             Requested size: 449.97862pt x 449.97403pt.
 [3] [4 <./HEAnet-Infrastructure-Client-Map-Nov-2015.jpg>]

LaTeX Warning: File `Company Structure - Jul-17.pdf' not found on input line 13
1.

<Company Structure - Jul-17.pdf, id=27, 844.95674pt x 597.432pt>
File: Company Structure - Jul-17.pdf Graphic file (type pdf)

<use Company Structure - Jul-17.pdf>
Package pdftex.def Info: Company Structure - Jul-17.pdf used on input line 131.

(pdftex.def)             Requested size: 550.00185pt x 550.04523pt.

Overfull \hbox (22.4317pt too wide) in paragraph at lines 131--132
 [] 
 []

[5 <./Company Structure - Jul-17.pdf>] [6] [7] [8] [9] [10] (./Coop_report.aux)
 ) 
Here is how much of TeX's memory you used:
 4904 strings out of 494945
 74614 string characters out of 6181032
 163936 words of memory out of 5000000
 8126 multiletter control sequences out of 15000+600000
 9030 words of font info for 21 fonts, out of 8000000 for 9000
 14 hyphenation exceptions out of 8191
 39i,10n,43p,819b,309s stack positions out of 5000i,500n,10000p,200000b,80000s
 </home/barth/.texlive2016/texmf-var/fonts/pk/ljfour/jknappen/ec/ecbx1000.600
pk> </home/barth/.texlive2016/texmf-var/fonts/pk/ljfour/jknappen/ec/ecbx1200.60
0pk> </home/barth/.texlive2016/texmf-var/fonts/pk/ljfour/jknappen/ec/ecrm1000.6
00pk> </home/barth/.texlive2016/texmf-var/fonts/pk/ljfour/jknappen/ec/ecrm1440.
600pk> </home/barth/.texlive2016/texmf-var/fonts/pk/ljfour/jknappen/ec/ecrm1728
.600pk></usr/share/texlive/texmf-dist/fonts/type1/public/amsfonts/cm/cmsy10.pfb
>
Output written on Coop_report.pdf (11 pages, 1362981 bytes).
PDF statistics:
 344 PDF objects out of 1000 (max. 8388607)
 59 compressed objects within 1 object stream
 0 named destinations out of 1000 (max. 500000)
 16 words of extra memory for PDF output out of 10000 (max. 10000000)

